C:\Users\Chris\source\repos\Sca.Tech.Screening.Web\Sca.Tech.Screening.Web\dist\out-tsc\e2e\app.po.js
C:\Users\Chris\source\repos\Sca.Tech.Screening.Web\Sca.Tech.Screening.Web\dist\out-tsc\e2e\app.po.js.map
C:\Users\Chris\source\repos\Sca.Tech.Screening.Web\Sca.Tech.Screening.Web\dist\out-tsc\e2e\app.e2e-spec.js
C:\Users\Chris\source\repos\Sca.Tech.Screening.Web\Sca.Tech.Screening.Web\dist\out-tsc\e2e\app.e2e-spec.js.map
C:\Users\Chris\source\repos\Sca.Tech.Screening.Web\Sca.Tech.Screening.Web\dist\out-tsc\src\app\app.component.js
C:\Users\Chris\source\repos\Sca.Tech.Screening.Web\Sca.Tech.Screening.Web\dist\out-tsc\src\app\app.component.js.map
C:\Users\Chris\source\repos\Sca.Tech.Screening.Web\Sca.Tech.Screening.Web\dist\out-tsc\src\app\shared\models\location.js
C:\Users\Chris\source\repos\Sca.Tech.Screening.Web\Sca.Tech.Screening.Web\dist\out-tsc\src\app\shared\models\location.js.map
C:\Users\Chris\source\repos\Sca.Tech.Screening.Web\Sca.Tech.Screening.Web\dist\out-tsc\src\app\shared\models\schedule.js
C:\Users\Chris\source\repos\Sca.Tech.Screening.Web\Sca.Tech.Screening.Web\dist\out-tsc\src\app\shared\models\schedule.js.map
C:\Users\Chris\source\repos\Sca.Tech.Screening.Web\Sca.Tech.Screening.Web\dist\out-tsc\src\app\shared\models\searchCriteria.js
C:\Users\Chris\source\repos\Sca.Tech.Screening.Web\Sca.Tech.Screening.Web\dist\out-tsc\src\app\shared\models\searchCriteria.js.map
C:\Users\Chris\source\repos\Sca.Tech.Screening.Web\Sca.Tech.Screening.Web\dist\out-tsc\src\app\shared\models\index.js
C:\Users\Chris\source\repos\Sca.Tech.Screening.Web\Sca.Tech.Screening.Web\dist\out-tsc\src\app\shared\models\index.js.map
C:\Users\Chris\source\repos\Sca.Tech.Screening.Web\Sca.Tech.Screening.Web\dist\out-tsc\src\environments\environment-interface.js
C:\Users\Chris\source\repos\Sca.Tech.Screening.Web\Sca.Tech.Screening.Web\dist\out-tsc\src\environments\environment-interface.js.map
C:\Users\Chris\source\repos\Sca.Tech.Screening.Web\Sca.Tech.Screening.Web\dist\out-tsc\src\environments\environment.js
C:\Users\Chris\source\repos\Sca.Tech.Screening.Web\Sca.Tech.Screening.Web\dist\out-tsc\src\environments\environment.js.map
C:\Users\Chris\source\repos\Sca.Tech.Screening.Web\Sca.Tech.Screening.Web\dist\out-tsc\src\app\shared\services\daily-schedule.service.js
C:\Users\Chris\source\repos\Sca.Tech.Screening.Web\Sca.Tech.Screening.Web\dist\out-tsc\src\app\shared\services\daily-schedule.service.js.map
C:\Users\Chris\source\repos\Sca.Tech.Screening.Web\Sca.Tech.Screening.Web\dist\out-tsc\src\app\schedule\daily-schedule\daily-schedule.component.js
C:\Users\Chris\source\repos\Sca.Tech.Screening.Web\Sca.Tech.Screening.Web\dist\out-tsc\src\app\schedule\daily-schedule\daily-schedule.component.js.map
C:\Users\Chris\source\repos\Sca.Tech.Screening.Web\Sca.Tech.Screening.Web\dist\out-tsc\src\app\schedule\notice-dialog\notice-dialog.component.js
C:\Users\Chris\source\repos\Sca.Tech.Screening.Web\Sca.Tech.Screening.Web\dist\out-tsc\src\app\schedule\notice-dialog\notice-dialog.component.js.map
C:\Users\Chris\source\repos\Sca.Tech.Screening.Web\Sca.Tech.Screening.Web\dist\out-tsc\src\app\shared\services\excel-export.service.js
C:\Users\Chris\source\repos\Sca.Tech.Screening.Web\Sca.Tech.Screening.Web\dist\out-tsc\src\app\shared\services\excel-export.service.js.map
C:\Users\Chris\source\repos\Sca.Tech.Screening.Web\Sca.Tech.Screening.Web\dist\out-tsc\src\app\schedule\schedule-search-results\schedule-search-results.component.js
C:\Users\Chris\source\repos\Sca.Tech.Screening.Web\Sca.Tech.Screening.Web\dist\out-tsc\src\app\schedule\schedule-search-results\schedule-search-results.component.js.map
C:\Users\Chris\source\repos\Sca.Tech.Screening.Web\Sca.Tech.Screening.Web\dist\out-tsc\src\app\schedule\schedule-search-criteria\schedule-search-criteria.component.js
C:\Users\Chris\source\repos\Sca.Tech.Screening.Web\Sca.Tech.Screening.Web\dist\out-tsc\src\app\schedule\schedule-search-criteria\schedule-search-criteria.component.js.map
C:\Users\Chris\source\repos\Sca.Tech.Screening.Web\Sca.Tech.Screening.Web\dist\out-tsc\src\app\header\header.component.js
C:\Users\Chris\source\repos\Sca.Tech.Screening.Web\Sca.Tech.Screening.Web\dist\out-tsc\src\app\header\header.component.js.map
C:\Users\Chris\source\repos\Sca.Tech.Screening.Web\Sca.Tech.Screening.Web\dist\out-tsc\src\app\app.module.js
C:\Users\Chris\source\repos\Sca.Tech.Screening.Web\Sca.Tech.Screening.Web\dist\out-tsc\src\app\app.module.js.map
C:\Users\Chris\source\repos\Sca.Tech.Screening.Web\Sca.Tech.Screening.Web\dist\out-tsc\src\main.js
C:\Users\Chris\source\repos\Sca.Tech.Screening.Web\Sca.Tech.Screening.Web\dist\out-tsc\src\main.js.map
C:\Users\Chris\source\repos\Sca.Tech.Screening.Web\Sca.Tech.Screening.Web\dist\out-tsc\src\polyfills.js
C:\Users\Chris\source\repos\Sca.Tech.Screening.Web\Sca.Tech.Screening.Web\dist\out-tsc\src\polyfills.js.map
C:\Users\Chris\source\repos\Sca.Tech.Screening.Web\Sca.Tech.Screening.Web\dist\out-tsc\src\test.js
C:\Users\Chris\source\repos\Sca.Tech.Screening.Web\Sca.Tech.Screening.Web\dist\out-tsc\src\test.js.map
C:\Users\Chris\source\repos\Sca.Tech.Screening.Web\Sca.Tech.Screening.Web\dist\out-tsc\src\environments\environment.prod.js
C:\Users\Chris\source\repos\Sca.Tech.Screening.Web\Sca.Tech.Screening.Web\dist\out-tsc\src\environments\environment.prod.js.map
C:\Users\Chris\source\repos\Sca.Tech.Screening.Web\Sca.Tech.Screening.Web\dist\out-tsc\src\app\header\header.component.spec.js
C:\Users\Chris\source\repos\Sca.Tech.Screening.Web\Sca.Tech.Screening.Web\dist\out-tsc\src\app\header\header.component.spec.js.map
C:\Users\Chris\source\repos\Sca.Tech.Screening.Web\Sca.Tech.Screening.Web\dist\out-tsc\src\app\schedule\daily-schedule\daily-schedule.component.spec.js
C:\Users\Chris\source\repos\Sca.Tech.Screening.Web\Sca.Tech.Screening.Web\dist\out-tsc\src\app\schedule\daily-schedule\daily-schedule.component.spec.js.map
C:\Users\Chris\source\repos\Sca.Tech.Screening.Web\Sca.Tech.Screening.Web\dist\out-tsc\src\app\schedule\notice-dialog\notice-dialog.component.spec.js
C:\Users\Chris\source\repos\Sca.Tech.Screening.Web\Sca.Tech.Screening.Web\dist\out-tsc\src\app\schedule\notice-dialog\notice-dialog.component.spec.js.map
C:\Users\Chris\source\repos\Sca.Tech.Screening.Web\Sca.Tech.Screening.Web\dist\out-tsc\src\app\schedule\schedule-search-criteria\schedule-search-criteria.component.spec.js
C:\Users\Chris\source\repos\Sca.Tech.Screening.Web\Sca.Tech.Screening.Web\dist\out-tsc\src\app\schedule\schedule-search-criteria\schedule-search-criteria.component.spec.js.map
C:\Users\Chris\source\repos\Sca.Tech.Screening.Web\Sca.Tech.Screening.Web\dist\out-tsc\src\app\schedule\schedule-search-results\schedule-search-results.component.spec.js
C:\Users\Chris\source\repos\Sca.Tech.Screening.Web\Sca.Tech.Screening.Web\dist\out-tsc\src\app\schedule\schedule-search-results\schedule-search-results.component.spec.js.map
C:\Users\Chris\source\repos\Sca.Tech.Screening.Web\Sca.Tech.Screening.Web\dist\out-tsc\src\app\shared\services\daily-schedule-service.js
C:\Users\Chris\source\repos\Sca.Tech.Screening.Web\Sca.Tech.Screening.Web\dist\out-tsc\src\app\shared\services\daily-schedule-service.js.map
C:\Users\Chris\source\repos\Sca.Tech.Screening.Web\Sca.Tech.Screening.Web\dist\out-tsc\src\app\shared\services\daily-schedule.service.spec.js
C:\Users\Chris\source\repos\Sca.Tech.Screening.Web\Sca.Tech.Screening.Web\dist\out-tsc\src\app\shared\services\daily-schedule.service.spec.js.map
C:\Users\Chris\source\repos\Sca.Tech.Screening.Web\Sca.Tech.Screening.Web\dist\out-tsc\src\app\shared\services\excel-export.service.spec.js
C:\Users\Chris\source\repos\Sca.Tech.Screening.Web\Sca.Tech.Screening.Web\dist\out-tsc\src\app\shared\services\excel-export.service.spec.js.map
